<?xml version="1.0" encoding="UTF-8"?>
<testsuite xmlns:xsi="http://www.w3.org/2001/XMLSchema-instance" xsi:noNamespaceSchemaLocation="https://maven.apache.org/surefire/maven-surefire-plugin/xsd/surefire-test-report-3.0.xsd" version="3.0" name="com.poissonnerie.test.TestClient" time="1.423" tests="8" errors="0" skipped="0" failures="0">
  <properties>
    <property name="java.specification.version" value="21"/>
    <property name="sun.jnu.encoding" value="UTF-8"/>
    <property name="java.class.path" value="/home/runner/workspace/target/test-classes:/home/runner/workspace/target/classes:/home/runner/.m2/repository/com/itextpdf/itextpdf/5.5.13.3/itextpdf-5.5.13.3.jar:/home/runner/.m2/repository/org/xerial/sqlite-jdbc/3.44.1.0/sqlite-jdbc-3.44.1.0.jar:/home/runner/.m2/repository/org/slf4j/slf4j-api/1.7.36/slf4j-api-1.7.36.jar:/home/runner/.m2/repository/com/formdev/flatlaf/3.2.1/flatlaf-3.2.1.jar:/home/runner/.m2/repository/com/formdev/flatlaf-intellij-themes/3.2.1/flatlaf-intellij-themes-3.2.1.jar:/home/runner/.m2/repository/com/formdev/flatlaf-extras/3.2.1/flatlaf-extras-3.2.1.jar:/home/runner/.m2/repository/com/github/weisj/jsvg/1.1.0/jsvg-1.1.0.jar:/home/runner/.m2/repository/org/kordamp/ikonli/ikonli-core/12.3.1/ikonli-core-12.3.1.jar:/home/runner/.m2/repository/org/kordamp/ikonli/ikonli-swing/12.3.1/ikonli-swing-12.3.1.jar:/home/runner/.m2/repository/org/kordamp/ikonli/ikonli-materialdesign-pack/12.3.1/ikonli-materialdesign-pack-12.3.1.jar:/home/runner/.m2/repository/org/junit/jupiter/junit-jupiter/5.9.2/junit-jupiter-5.9.2.jar:/home/runner/.m2/repository/org/junit/jupiter/junit-jupiter-api/5.9.2/junit-jupiter-api-5.9.2.jar:/home/runner/.m2/repository/org/opentest4j/opentest4j/1.2.0/opentest4j-1.2.0.jar:/home/runner/.m2/repository/org/junit/platform/junit-platform-commons/1.9.2/junit-platform-commons-1.9.2.jar:/home/runner/.m2/repository/org/apiguardian/apiguardian-api/1.1.2/apiguardian-api-1.1.2.jar:/home/runner/.m2/repository/org/junit/jupiter/junit-jupiter-engine/5.9.2/junit-jupiter-engine-5.9.2.jar:/home/runner/.m2/repository/org/junit/platform/junit-platform-engine/1.9.2/junit-platform-engine-1.9.2.jar:/home/runner/.m2/repository/org/junit/jupiter/junit-jupiter-params/5.9.2/junit-jupiter-params-5.9.2.jar:/home/runner/.m2/repository/org/junit/platform/junit-platform-launcher/1.9.2/junit-platform-launcher-1.9.2.jar:"/>
    <property name="java.vm.vendor" value="Oracle Corporation"/>
    <property name="sun.arch.data.model" value="64"/>
    <property name="java.vendor.url" value="https://openjdk.org/"/>
    <property name="user.timezone" value="GMT"/>
    <property name="os.name" value="Linux"/>
    <property name="java.vm.specification.version" value="21"/>
    <property name="sun.java.launcher" value="SUN_STANDARD"/>
    <property name="user.country" value="US"/>
    <property name="sun.boot.library.path" value="/nix/store/2vwkssqpzykk37r996cafq7x63imf4sp-openjdk-21+35/lib/openjdk/lib"/>
    <property name="sun.java.command" value="/home/runner/workspace/target/surefire/surefirebooter-20250119032326563_3.jar /home/runner/workspace/target/surefire 2025-01-19T03-23-26_206-jvmRun1 surefire-20250119032326563_1tmp surefire_0-20250119032326563_2tmp"/>
    <property name="jdk.debug" value="release"/>
    <property name="test" value="TestClient"/>
    <property name="surefire.test.class.path" value="/home/runner/workspace/target/test-classes:/home/runner/workspace/target/classes:/home/runner/.m2/repository/com/itextpdf/itextpdf/5.5.13.3/itextpdf-5.5.13.3.jar:/home/runner/.m2/repository/org/xerial/sqlite-jdbc/3.44.1.0/sqlite-jdbc-3.44.1.0.jar:/home/runner/.m2/repository/org/slf4j/slf4j-api/1.7.36/slf4j-api-1.7.36.jar:/home/runner/.m2/repository/com/formdev/flatlaf/3.2.1/flatlaf-3.2.1.jar:/home/runner/.m2/repository/com/formdev/flatlaf-intellij-themes/3.2.1/flatlaf-intellij-themes-3.2.1.jar:/home/runner/.m2/repository/com/formdev/flatlaf-extras/3.2.1/flatlaf-extras-3.2.1.jar:/home/runner/.m2/repository/com/github/weisj/jsvg/1.1.0/jsvg-1.1.0.jar:/home/runner/.m2/repository/org/kordamp/ikonli/ikonli-core/12.3.1/ikonli-core-12.3.1.jar:/home/runner/.m2/repository/org/kordamp/ikonli/ikonli-swing/12.3.1/ikonli-swing-12.3.1.jar:/home/runner/.m2/repository/org/kordamp/ikonli/ikonli-materialdesign-pack/12.3.1/ikonli-materialdesign-pack-12.3.1.jar:/home/runner/.m2/repository/org/junit/jupiter/junit-jupiter/5.9.2/junit-jupiter-5.9.2.jar:/home/runner/.m2/repository/org/junit/jupiter/junit-jupiter-api/5.9.2/junit-jupiter-api-5.9.2.jar:/home/runner/.m2/repository/org/opentest4j/opentest4j/1.2.0/opentest4j-1.2.0.jar:/home/runner/.m2/repository/org/junit/platform/junit-platform-commons/1.9.2/junit-platform-commons-1.9.2.jar:/home/runner/.m2/repository/org/apiguardian/apiguardian-api/1.1.2/apiguardian-api-1.1.2.jar:/home/runner/.m2/repository/org/junit/jupiter/junit-jupiter-engine/5.9.2/junit-jupiter-engine-5.9.2.jar:/home/runner/.m2/repository/org/junit/platform/junit-platform-engine/1.9.2/junit-platform-engine-1.9.2.jar:/home/runner/.m2/repository/org/junit/jupiter/junit-jupiter-params/5.9.2/junit-jupiter-params-5.9.2.jar:/home/runner/.m2/repository/org/junit/platform/junit-platform-launcher/1.9.2/junit-platform-launcher-1.9.2.jar:"/>
    <property name="sun.cpu.endian" value="little"/>
    <property name="user.home" value="/home/runner"/>
    <property name="user.language" value="en"/>
    <property name="java.specification.vendor" value="Oracle Corporation"/>
    <property name="java.version.date" value="2023-09-19"/>
    <property name="java.home" value="/nix/store/2vwkssqpzykk37r996cafq7x63imf4sp-openjdk-21+35/lib/openjdk"/>
    <property name="file.separator" value="/"/>
    <property name="basedir" value="/home/runner/workspace"/>
    <property name="java.vm.compressedOopsMode" value="Zero based"/>
    <property name="line.separator" value="&#10;"/>
    <property name="java.vm.specification.vendor" value="Oracle Corporation"/>
    <property name="java.specification.name" value="Java Platform API Specification"/>
    <property name="surefire.real.class.path" value="/home/runner/workspace/target/surefire/surefirebooter-20250119032326563_3.jar"/>
    <property name="sun.management.compiler" value="HotSpot 64-Bit Tiered Compilers"/>
    <property name="java.runtime.version" value="21+35-nixos"/>
    <property name="user.name" value="runner"/>
    <property name="stdout.encoding" value="UTF-8"/>
    <property name="path.separator" value=":"/>
    <property name="os.version" value="6.2.16"/>
    <property name="java.runtime.name" value="OpenJDK Runtime Environment"/>
    <property name="file.encoding" value="UTF-8"/>
    <property name="java.vm.name" value="OpenJDK 64-Bit Server VM"/>
    <property name="localRepository" value="/home/runner/.m2/repository"/>
    <property name="java.vendor.url.bug" value="https://bugreport.java.com/bugreport/"/>
    <property name="java.io.tmpdir" value="/tmp"/>
    <property name="java.version" value="21"/>
    <property name="SKIP_SIRET_VALIDATION" value="true"/>
    <property name="user.dir" value="/home/runner/workspace"/>
    <property name="os.arch" value="amd64"/>
    <property name="java.vm.specification.name" value="Java Virtual Machine Specification"/>
    <property name="native.encoding" value="UTF-8"/>
    <property name="java.library.path" value="/usr/java/packages/lib:/usr/lib64:/lib64:/lib:/usr/lib"/>
    <property name="java.vm.info" value="mixed mode, sharing"/>
    <property name="stderr.encoding" value="UTF-8"/>
    <property name="java.vendor" value="N/A"/>
    <property name="java.vm.version" value="21+35-nixos"/>
    <property name="sun.io.unicode.encoding" value="UnicodeLittle"/>
    <property name="java.class.version" value="65.0"/>
  </properties>
  <testcase name="testValidationClientNull" classname="com.poissonnerie.test.TestClient" time="0.099"/>
  <testcase name="testValidationLongueurMaximale" classname="com.poissonnerie.test.TestClient" time="0.004"/>
  <testcase name="testValidationTelephoneInvalide" classname="com.poissonnerie.test.TestClient" time="0.005"/>
  <testcase name="testReglementCreanceClientNull" classname="com.poissonnerie.test.TestClient" time="0.179">
    <system-err><![CDATA[Jan 19, 2025 3:23:29 AM com.poissonnerie.controller.ClientController reglerCreance
WARNING: Tentative de règlement de créance pour un client invalide
]]></system-err>
  </testcase>
  <testcase name="testReglementCreanceMontantInvalide" classname="com.poissonnerie.test.TestClient" time="0.007"/>
  <testcase name="testSanitizationEntrees" classname="com.poissonnerie.test.TestClient" time="0.937">
    <system-err><![CDATA[Jan 19, 2025 3:23:30 AM com.poissonnerie.controller.ClientController ajouterClient
INFO: Tentative d'ajout d'un nouveau client: Test<script>alert('xss')</script>
Jan 19, 2025 3:23:30 AM com.poissonnerie.util.DatabaseManager initializeDataSource
INFO: DataSource initialisé avec succès
SLF4J: Failed to load class "org.slf4j.impl.StaticLoggerBinder".
SLF4J: Defaulting to no-operation (NOP) logger implementation
SLF4J: See http://www.slf4j.org/codes.html#StaticLoggerBinder for further details.
Jan 19, 2025 3:23:31 AM com.poissonnerie.util.DatabaseManager getConnection
INFO: Nouvelle connexion créée et configurée
Jan 19, 2025 3:23:31 AM com.poissonnerie.controller.ClientController ajouterClient
INFO: Client ajouté avec succès, ID: 2
]]></system-err>
  </testcase>
  <testcase name="testValidationNomVide" classname="com.poissonnerie.test.TestClient" time="0.007"/>
  <testcase name="testValidationClientValide" classname="com.poissonnerie.test.TestClient" time="0.032">
    <system-err><![CDATA[Jan 19, 2025 3:23:31 AM com.poissonnerie.controller.ClientController ajouterClient
INFO: Tentative d'ajout d'un nouveau client: Client Test
Jan 19, 2025 3:23:31 AM com.poissonnerie.util.DatabaseManager getConnection
INFO: Nouvelle connexion créée et configurée
Jan 19, 2025 3:23:31 AM com.poissonnerie.controller.ClientController ajouterClient
INFO: Client ajouté avec succès, ID: 3
]]></system-err>
  </testcase>
</testsuite>