<?xml version="1.0" encoding="UTF-8"?>
<testsuite xmlns:xsi="http://www.w3.org/2001/XMLSchema-instance" xsi:noNamespaceSchemaLocation="https://maven.apache.org/surefire/maven-surefire-plugin/xsd/surefire-test-report-3.0.xsd" version="3.0" name="com.poissonnerie.test.TestVente" time="0.079" tests="13" errors="0" skipped="0" failures="0">
  <properties>
    <property name="java.specification.version" value="21"/>
    <property name="sun.jnu.encoding" value="UTF-8"/>
    <property name="java.class.path" value="/home/runner/workspace/target/test-classes:/home/runner/workspace/target/classes:/home/runner/.m2/repository/com/itextpdf/itextpdf/5.5.13.3/itextpdf-5.5.13.3.jar:/home/runner/.m2/repository/org/xerial/sqlite-jdbc/3.44.1.0/sqlite-jdbc-3.44.1.0.jar:/home/runner/.m2/repository/org/slf4j/slf4j-api/1.7.36/slf4j-api-1.7.36.jar:/home/runner/.m2/repository/com/formdev/flatlaf/3.2.1/flatlaf-3.2.1.jar:/home/runner/.m2/repository/com/formdev/flatlaf-intellij-themes/3.2.1/flatlaf-intellij-themes-3.2.1.jar:/home/runner/.m2/repository/com/formdev/flatlaf-extras/3.2.1/flatlaf-extras-3.2.1.jar:/home/runner/.m2/repository/com/github/weisj/jsvg/1.1.0/jsvg-1.1.0.jar:/home/runner/.m2/repository/org/kordamp/ikonli/ikonli-core/12.3.1/ikonli-core-12.3.1.jar:/home/runner/.m2/repository/org/kordamp/ikonli/ikonli-swing/12.3.1/ikonli-swing-12.3.1.jar:/home/runner/.m2/repository/org/kordamp/ikonli/ikonli-materialdesign-pack/12.3.1/ikonli-materialdesign-pack-12.3.1.jar:/home/runner/.m2/repository/org/junit/jupiter/junit-jupiter-api/5.9.2/junit-jupiter-api-5.9.2.jar:/home/runner/.m2/repository/org/opentest4j/opentest4j/1.2.0/opentest4j-1.2.0.jar:/home/runner/.m2/repository/org/junit/platform/junit-platform-commons/1.9.2/junit-platform-commons-1.9.2.jar:/home/runner/.m2/repository/org/apiguardian/apiguardian-api/1.1.2/apiguardian-api-1.1.2.jar:/home/runner/.m2/repository/org/junit/jupiter/junit-jupiter-engine/5.9.2/junit-jupiter-engine-5.9.2.jar:/home/runner/.m2/repository/org/junit/platform/junit-platform-engine/1.9.2/junit-platform-engine-1.9.2.jar:/home/runner/.m2/repository/org/junit/jupiter/junit-jupiter-params/5.9.2/junit-jupiter-params-5.9.2.jar:"/>
    <property name="java.vm.vendor" value="Oracle Corporation"/>
    <property name="sun.arch.data.model" value="64"/>
    <property name="java.vendor.url" value="https://openjdk.org/"/>
    <property name="user.timezone" value="GMT"/>
    <property name="os.name" value="Linux"/>
    <property name="java.vm.specification.version" value="21"/>
    <property name="sun.java.launcher" value="SUN_STANDARD"/>
    <property name="user.country" value="US"/>
    <property name="sun.boot.library.path" value="/nix/store/2vwkssqpzykk37r996cafq7x63imf4sp-openjdk-21+35/lib/openjdk/lib"/>
    <property name="sun.java.command" value="/home/runner/workspace/target/surefire/surefirebooter-20250118223448750_3.jar /home/runner/workspace/target/surefire 2025-01-18T22-34-48_676-jvmRun1 surefire-20250118223448750_1tmp surefire_0-20250118223448750_2tmp"/>
    <property name="jdk.debug" value="release"/>
    <property name="surefire.test.class.path" value="/home/runner/workspace/target/test-classes:/home/runner/workspace/target/classes:/home/runner/.m2/repository/com/itextpdf/itextpdf/5.5.13.3/itextpdf-5.5.13.3.jar:/home/runner/.m2/repository/org/xerial/sqlite-jdbc/3.44.1.0/sqlite-jdbc-3.44.1.0.jar:/home/runner/.m2/repository/org/slf4j/slf4j-api/1.7.36/slf4j-api-1.7.36.jar:/home/runner/.m2/repository/com/formdev/flatlaf/3.2.1/flatlaf-3.2.1.jar:/home/runner/.m2/repository/com/formdev/flatlaf-intellij-themes/3.2.1/flatlaf-intellij-themes-3.2.1.jar:/home/runner/.m2/repository/com/formdev/flatlaf-extras/3.2.1/flatlaf-extras-3.2.1.jar:/home/runner/.m2/repository/com/github/weisj/jsvg/1.1.0/jsvg-1.1.0.jar:/home/runner/.m2/repository/org/kordamp/ikonli/ikonli-core/12.3.1/ikonli-core-12.3.1.jar:/home/runner/.m2/repository/org/kordamp/ikonli/ikonli-swing/12.3.1/ikonli-swing-12.3.1.jar:/home/runner/.m2/repository/org/kordamp/ikonli/ikonli-materialdesign-pack/12.3.1/ikonli-materialdesign-pack-12.3.1.jar:/home/runner/.m2/repository/org/junit/jupiter/junit-jupiter-api/5.9.2/junit-jupiter-api-5.9.2.jar:/home/runner/.m2/repository/org/opentest4j/opentest4j/1.2.0/opentest4j-1.2.0.jar:/home/runner/.m2/repository/org/junit/platform/junit-platform-commons/1.9.2/junit-platform-commons-1.9.2.jar:/home/runner/.m2/repository/org/apiguardian/apiguardian-api/1.1.2/apiguardian-api-1.1.2.jar:/home/runner/.m2/repository/org/junit/jupiter/junit-jupiter-engine/5.9.2/junit-jupiter-engine-5.9.2.jar:/home/runner/.m2/repository/org/junit/platform/junit-platform-engine/1.9.2/junit-platform-engine-1.9.2.jar:/home/runner/.m2/repository/org/junit/jupiter/junit-jupiter-params/5.9.2/junit-jupiter-params-5.9.2.jar:"/>
    <property name="sun.cpu.endian" value="little"/>
    <property name="user.home" value="/home/runner"/>
    <property name="user.language" value="en"/>
    <property name="java.specification.vendor" value="Oracle Corporation"/>
    <property name="java.version.date" value="2023-09-19"/>
    <property name="java.home" value="/nix/store/2vwkssqpzykk37r996cafq7x63imf4sp-openjdk-21+35/lib/openjdk"/>
    <property name="file.separator" value="/"/>
    <property name="basedir" value="/home/runner/workspace"/>
    <property name="java.vm.compressedOopsMode" value="Zero based"/>
    <property name="line.separator" value="&#10;"/>
    <property name="java.specification.name" value="Java Platform API Specification"/>
    <property name="java.vm.specification.vendor" value="Oracle Corporation"/>
    <property name="surefire.real.class.path" value="/home/runner/workspace/target/surefire/surefirebooter-20250118223448750_3.jar"/>
    <property name="sun.management.compiler" value="HotSpot 64-Bit Tiered Compilers"/>
    <property name="java.runtime.version" value="21+35-nixos"/>
    <property name="user.name" value="runner"/>
    <property name="stdout.encoding" value="UTF-8"/>
    <property name="path.separator" value=":"/>
    <property name="os.version" value="6.2.16"/>
    <property name="java.runtime.name" value="OpenJDK Runtime Environment"/>
    <property name="file.encoding" value="UTF-8"/>
    <property name="java.vm.name" value="OpenJDK 64-Bit Server VM"/>
    <property name="localRepository" value="/home/runner/.m2/repository"/>
    <property name="java.vendor.url.bug" value="https://bugreport.java.com/bugreport/"/>
    <property name="java.io.tmpdir" value="/tmp"/>
    <property name="java.version" value="21"/>
    <property name="user.dir" value="/home/runner/workspace"/>
    <property name="os.arch" value="amd64"/>
    <property name="java.vm.specification.name" value="Java Virtual Machine Specification"/>
    <property name="native.encoding" value="UTF-8"/>
    <property name="java.library.path" value="/usr/java/packages/lib:/usr/lib64:/lib64:/lib:/usr/lib"/>
    <property name="java.vm.info" value="mixed mode, sharing"/>
    <property name="stderr.encoding" value="UTF-8"/>
    <property name="java.vendor" value="N/A"/>
    <property name="java.vm.version" value="21+35-nixos"/>
    <property name="sun.io.unicode.encoding" value="UnicodeLittle"/>
    <property name="java.class.version" value="65.0"/>
  </properties>
  <testcase name="testValidationVenteValide" classname="com.poissonnerie.test.TestVente" time="0.029">
    <system-err><![CDATA[Jan 18, 2025 10:34:51 PM com.poissonnerie.model.Vente setLignes
INFO: Mise à jour des lignes de la vente 1: 1 lignes
Jan 18, 2025 10:34:51 PM com.poissonnerie.controller.VenteController enregistrerVente
INFO: Début de l'enregistrement de la vente...
Jan 18, 2025 10:34:51 PM com.poissonnerie.controller.VenteController validateVente
INFO: Début de la validation de la vente...
Jan 18, 2025 10:34:51 PM com.poissonnerie.controller.VenteController validateVente
INFO: Validation de la vente réussie
Jan 18, 2025 10:34:51 PM com.poissonnerie.util.DatabaseManager needsNewConnection
WARNING: Connexion détectée comme invalide ou fermée
Jan 18, 2025 10:34:51 PM com.poissonnerie.util.DatabaseManager initializeConnection
INFO: Initialisation d'une nouvelle connexion à la base de données
Jan 18, 2025 10:34:51 PM com.poissonnerie.util.DatabaseManager initializeConnection
INFO: Configuration des PRAGMA SQLite effectuée
Jan 18, 2025 10:34:51 PM com.poissonnerie.util.DatabaseManager initializeConnection
INFO: Connexion à la base de données établie avec succès
Jan 18, 2025 10:34:51 PM com.poissonnerie.controller.VenteController enregistrerLigneVente
INFO: Ligne de vente enregistrée pour le produit: 1
Jan 18, 2025 10:34:51 PM com.poissonnerie.controller.VenteController mettreAJourStock
INFO: Stock mis à jour pour le produit 1
Jan 18, 2025 10:34:51 PM com.poissonnerie.controller.VenteController enregistrerVente
INFO: Vente enregistrée avec succès, ID: 8
]]></system-err>
  </testcase>
  <testcase name="testValidationVenteCreditSansClient" classname="com.poissonnerie.test.TestVente" time="0.002">
    <system-err><![CDATA[Jan 18, 2025 10:34:51 PM com.poissonnerie.model.Vente setLignes
INFO: Mise à jour des lignes de la vente 1: 1 lignes
]]></system-err>
  </testcase>
  <testcase name="testCopieDefensiveListeLignes" classname="com.poissonnerie.test.TestVente" time="0.002">
    <system-err><![CDATA[Jan 18, 2025 10:34:51 PM com.poissonnerie.model.Vente setLignes
INFO: Mise à jour des lignes de la vente 1: 1 lignes
]]></system-err>
  </testcase>
  <testcase name="testValidationTotalCalcule" classname="com.poissonnerie.test.TestVente" time="0.002">
    <system-err><![CDATA[Jan 18, 2025 10:34:51 PM com.poissonnerie.model.Vente setLignes
INFO: Mise à jour des lignes de la vente 1: 1 lignes
Jan 18, 2025 10:34:51 PM com.poissonnerie.model.Vente setLignes
INFO: Mise à jour des lignes de la vente 1: 1 lignes
]]></system-err>
  </testcase>
  <testcase name="testValidationDateNull" classname="com.poissonnerie.test.TestVente" time="0.003">
    <system-err><![CDATA[Jan 18, 2025 10:34:51 PM com.poissonnerie.model.Vente setLignes
INFO: Mise à jour des lignes de la vente 1: 1 lignes
]]></system-err>
  </testcase>
  <testcase name="testCopieDefensiveListeVentes" classname="com.poissonnerie.test.TestVente" time="0.021">
    <system-err><![CDATA[Jan 18, 2025 10:34:51 PM com.poissonnerie.model.Vente setLignes
INFO: Mise à jour des lignes de la vente 1: 1 lignes
Jan 18, 2025 10:34:51 PM com.poissonnerie.controller.VenteController enregistrerVente
INFO: Début de l'enregistrement de la vente...
Jan 18, 2025 10:34:51 PM com.poissonnerie.controller.VenteController validateVente
INFO: Début de la validation de la vente...
Jan 18, 2025 10:34:51 PM com.poissonnerie.controller.VenteController validateVente
INFO: Validation de la vente réussie
Jan 18, 2025 10:34:51 PM com.poissonnerie.util.DatabaseManager needsNewConnection
WARNING: Connexion détectée comme invalide ou fermée
Jan 18, 2025 10:34:51 PM com.poissonnerie.util.DatabaseManager initializeConnection
INFO: Initialisation d'une nouvelle connexion à la base de données
Jan 18, 2025 10:34:51 PM com.poissonnerie.util.DatabaseManager initializeConnection
INFO: Configuration des PRAGMA SQLite effectuée
Jan 18, 2025 10:34:51 PM com.poissonnerie.util.DatabaseManager initializeConnection
INFO: Connexion à la base de données établie avec succès
Jan 18, 2025 10:34:51 PM com.poissonnerie.controller.VenteController enregistrerLigneVente
INFO: Ligne de vente enregistrée pour le produit: 1
Jan 18, 2025 10:34:51 PM com.poissonnerie.controller.VenteController mettreAJourStock
INFO: Stock mis à jour pour le produit 1
Jan 18, 2025 10:34:51 PM com.poissonnerie.controller.VenteController enregistrerVente
INFO: Vente enregistrée avec succès, ID: 9
]]></system-err>
  </testcase>
  <testcase name="testValidationVenteNull" classname="com.poissonnerie.test.TestVente" time="0.002">
    <system-err><![CDATA[Jan 18, 2025 10:34:51 PM com.poissonnerie.model.Vente setLignes
INFO: Mise à jour des lignes de la vente 1: 1 lignes
Jan 18, 2025 10:34:51 PM com.poissonnerie.controller.VenteController enregistrerVente
INFO: Début de l'enregistrement de la vente...
Jan 18, 2025 10:34:51 PM com.poissonnerie.controller.VenteController validateVente
INFO: Début de la validation de la vente...
Jan 18, 2025 10:34:51 PM com.poissonnerie.controller.VenteController validateVente
SEVERE: Tentative de validation d'une vente null
]]></system-err>
  </testcase>
  <testcase name="testValidationDateFutur" classname="com.poissonnerie.test.TestVente" time="0.001">
    <system-err><![CDATA[Jan 18, 2025 10:34:51 PM com.poissonnerie.model.Vente setLignes
INFO: Mise à jour des lignes de la vente 1: 1 lignes
]]></system-err>
  </testcase>
  <testcase name="testValidationTotalNegatif" classname="com.poissonnerie.test.TestVente" time="0.001">
    <system-err><![CDATA[Jan 18, 2025 10:34:51 PM com.poissonnerie.model.Vente setLignes
INFO: Mise à jour des lignes de la vente 1: 1 lignes
]]></system-err>
  </testcase>
  <testcase name="testValidationPrixUnitairesNegatifs" classname="com.poissonnerie.test.TestVente" time="0.001">
    <system-err><![CDATA[Jan 18, 2025 10:34:51 PM com.poissonnerie.model.Vente setLignes
INFO: Mise à jour des lignes de la vente 1: 1 lignes
]]></system-err>
  </testcase>
  <testcase name="testValidationVenteSansLignes" classname="com.poissonnerie.test.TestVente" time="0.001">
    <system-err><![CDATA[Jan 18, 2025 10:34:51 PM com.poissonnerie.model.Vente setLignes
INFO: Mise à jour des lignes de la vente 1: 1 lignes
]]></system-err>
  </testcase>
  <testcase name="testEgaliteVentes" classname="com.poissonnerie.test.TestVente" time="0.001">
    <system-err><![CDATA[Jan 18, 2025 10:34:51 PM com.poissonnerie.model.Vente setLignes
INFO: Mise à jour des lignes de la vente 1: 1 lignes
Jan 18, 2025 10:34:51 PM com.poissonnerie.model.Vente setLignes
INFO: Mise à jour des lignes de la vente 1: 1 lignes
Jan 18, 2025 10:34:51 PM com.poissonnerie.model.Vente setLignes
INFO: Mise à jour des lignes de la vente 1: 1 lignes
]]></system-err>
  </testcase>
  <testcase name="testValidationQuantitesNegatives" classname="com.poissonnerie.test.TestVente" time="0.001">
    <system-err><![CDATA[Jan 18, 2025 10:34:51 PM com.poissonnerie.model.Vente setLignes
INFO: Mise à jour des lignes de la vente 1: 1 lignes
]]></system-err>
  </testcase>
</testsuite>